  [4;36;1mSQL (0.0ms)[0m   [0;1mSET NAMES 'utf8'[0m
  [4;35;1mSQL (0.0ms)[0m   [0mSET SQL_AUTO_IS_NULL=0[0m
  [4;36;1mSQL (16.0ms)[0m   [0;1mCREATE DATABASE `pm_development` DEFAULT CHARACTER SET `utf8` COLLATE `utf8_general_ci`[0m


Processing Rails::InfoController#properties (for 127.0.0.1 at 2009-02-17 09:22:53) [GET]
  [4;36;1mSQL (0.0ms)[0m   [0;1mSET NAMES 'utf8'[0m
  [4;35;1mSQL (0.0ms)[0m   [0mSET SQL_AUTO_IS_NULL=0[0m
  [4;36;1mSQL (0.0ms)[0m   [0;1mSHOW TABLES[0m
Completed in 78ms (View: 0, DB: 0) | 200 OK [http://localhost/rails/info/properties]


Processing ProjetosController#index (for 127.0.0.1 at 2009-02-17 10:03:39) [GET]
  [4;36;1mSQL (0.0ms)[0m   [0;1mSET NAMES 'utf8'[0m
  [4;35;1mSQL (0.0ms)[0m   [0mSET SQL_AUTO_IS_NULL=0[0m
  [4;36;1mProjeto Load (0.0ms)[0m   [0;1mMysql::Error: Table 'pm_development.projetos' doesn't exist: SELECT * FROM `projetos` [0m


ActiveRecord::StatementInvalid (Mysql::Error: Table 'pm_development.projetos' doesn't exist: SELECT * FROM `projetos` ):
    c:/ruby/lib/ruby/gems/1.8/gems/activerecord-2.2.2/lib/active_record/connection_adapters/abstract_adapter.rb:188:in `log'
    c:/ruby/lib/ruby/gems/1.8/gems/activerecord-2.2.2/lib/active_record/connection_adapters/mysql_adapter.rb:309:in `execute'
    c:/ruby/lib/ruby/gems/1.8/gems/activerecord-2.2.2/lib/active_record/connection_adapters/mysql_adapter.rb:563:in `select'
    c:/ruby/lib/ruby/gems/1.8/gems/activerecord-2.2.2/lib/active_record/connection_adapters/abstract/database_statements.rb:7:in `select_all_without_query_cache'
    c:/ruby/lib/ruby/gems/1.8/gems/activerecord-2.2.2/lib/active_record/connection_adapters/abstract/query_cache.rb:60:in `select_all'
    c:/ruby/lib/ruby/gems/1.8/gems/activerecord-2.2.2/lib/active_record/connection_adapters/abstract/query_cache.rb:81:in `cache_sql'
    c:/ruby/lib/ruby/gems/1.8/gems/activerecord-2.2.2/lib/active_record/connection_adapters/abstract/query_cache.rb:60:in `select_all'
    c:/ruby/lib/ruby/gems/1.8/gems/activerecord-2.2.2/lib/active_record/base.rb:635:in `find_by_sql'
    c:/ruby/lib/ruby/gems/1.8/gems/activerecord-2.2.2/lib/active_record/base.rb:1490:in `find_every'
    c:/ruby/lib/ruby/gems/1.8/gems/activerecord-2.2.2/lib/active_record/base.rb:589:in `find'
    /app/controllers/projetos_controller.rb:5:in `index'
    c:/ruby/lib/ruby/gems/1.8/gems/actionpack-2.2.2/lib/action_controller/base.rb:1253:in `send'
    c:/ruby/lib/ruby/gems/1.8/gems/actionpack-2.2.2/lib/action_controller/base.rb:1253:in `perform_action_without_filters'
    c:/ruby/lib/ruby/gems/1.8/gems/actionpack-2.2.2/lib/action_controller/filters.rb:617:in `call_filters'
    c:/ruby/lib/ruby/gems/1.8/gems/actionpack-2.2.2/lib/action_controller/filters.rb:610:in `perform_action_without_benchmark'
    c:/ruby/lib/ruby/gems/1.8/gems/actionpack-2.2.2/lib/action_controller/benchmarking.rb:68:in `perform_action_without_rescue'
    c:/ruby/lib/ruby/1.8/benchmark.rb:293:in `measure'
    c:/ruby/lib/ruby/gems/1.8/gems/actionpack-2.2.2/lib/action_controller/benchmarking.rb:68:in `perform_action_without_rescue'
    c:/ruby/lib/ruby/gems/1.8/gems/actionpack-2.2.2/lib/action_controller/rescue.rb:136:in `perform_action_without_caching'
    c:/ruby/lib/ruby/gems/1.8/gems/actionpack-2.2.2/lib/action_controller/caching/sql_cache.rb:13:in `perform_action'
    c:/ruby/lib/ruby/gems/1.8/gems/activerecord-2.2.2/lib/active_record/connection_adapters/abstract/query_cache.rb:34:in `cache'
    c:/ruby/lib/ruby/gems/1.8/gems/activerecord-2.2.2/lib/active_record/query_cache.rb:8:in `cache'
    c:/ruby/lib/ruby/gems/1.8/gems/actionpack-2.2.2/lib/action_controller/caching/sql_cache.rb:12:in `perform_action'
    c:/ruby/lib/ruby/gems/1.8/gems/actionpack-2.2.2/lib/action_controller/base.rb:524:in `send'
    c:/ruby/lib/ruby/gems/1.8/gems/actionpack-2.2.2/lib/action_controller/base.rb:524:in `process_without_filters'
    c:/ruby/lib/ruby/gems/1.8/gems/actionpack-2.2.2/lib/action_controller/filters.rb:606:in `process_without_session_management_support'
    c:/ruby/lib/ruby/gems/1.8/gems/actionpack-2.2.2/lib/action_controller/session_management.rb:134:in `process'
    c:/ruby/lib/ruby/gems/1.8/gems/actionpack-2.2.2/lib/action_controller/base.rb:392:in `process'
    c:/ruby/lib/ruby/gems/1.8/gems/actionpack-2.2.2/lib/action_controller/dispatcher.rb:183:in `handle_request'
    c:/ruby/lib/ruby/gems/1.8/gems/actionpack-2.2.2/lib/action_controller/dispatcher.rb:110:in `dispatch_unlocked'
    c:/ruby/lib/ruby/gems/1.8/gems/actionpack-2.2.2/lib/action_controller/dispatcher.rb:123:in `dispatch'
    c:/ruby/lib/ruby/gems/1.8/gems/actionpack-2.2.2/lib/action_controller/dispatcher.rb:122:in `synchronize'
    c:/ruby/lib/ruby/gems/1.8/gems/actionpack-2.2.2/lib/action_controller/dispatcher.rb:122:in `dispatch'
    c:/ruby/lib/ruby/gems/1.8/gems/actionpack-2.2.2/lib/action_controller/dispatcher.rb:132:in `dispatch_cgi'
    c:/ruby/lib/ruby/gems/1.8/gems/actionpack-2.2.2/lib/action_controller/dispatcher.rb:39:in `dispatch'
    c:/ruby/lib/ruby/gems/1.8/gems/rails-2.2.2/lib/webrick_server.rb:103:in `handle_dispatch'
    c:/ruby/lib/ruby/gems/1.8/gems/rails-2.2.2/lib/webrick_server.rb:74:in `service'
    c:/ruby/lib/ruby/1.8/webrick/httpserver.rb:104:in `service'
    c:/ruby/lib/ruby/1.8/webrick/httpserver.rb:65:in `run'
    c:/ruby/lib/ruby/1.8/webrick/server.rb:173:in `start_thread'
    c:/ruby/lib/ruby/1.8/webrick/server.rb:162:in `start'
    c:/ruby/lib/ruby/1.8/webrick/server.rb:162:in `start_thread'
    c:/ruby/lib/ruby/1.8/webrick/server.rb:95:in `start'
    c:/ruby/lib/ruby/1.8/webrick/server.rb:92:in `each'
    c:/ruby/lib/ruby/1.8/webrick/server.rb:92:in `start'
    c:/ruby/lib/ruby/1.8/webrick/server.rb:23:in `start'
    c:/ruby/lib/ruby/1.8/webrick/server.rb:82:in `start'
    c:/ruby/lib/ruby/gems/1.8/gems/rails-2.2.2/lib/webrick_server.rb:60:in `dispatch'
    c:/ruby/lib/ruby/gems/1.8/gems/rails-2.2.2/lib/commands/servers/webrick.rb:66
    c:/ruby/lib/ruby/site_ruby/1.8/rubygems/custom_require.rb:31:in `gem_original_require'
    c:/ruby/lib/ruby/site_ruby/1.8/rubygems/custom_require.rb:31:in `require'
    c:/ruby/lib/ruby/gems/1.8/gems/activesupport-2.2.2/lib/active_support/dependencies.rb:153:in `require'
    c:/ruby/lib/ruby/gems/1.8/gems/activesupport-2.2.2/lib/active_support/dependencies.rb:521:in `new_constants_in'
    c:/ruby/lib/ruby/gems/1.8/gems/activesupport-2.2.2/lib/active_support/dependencies.rb:153:in `require'
    c:/ruby/lib/ruby/gems/1.8/gems/rails-2.2.2/lib/commands/server.rb:49
    c:/ruby/lib/ruby/site_ruby/1.8/rubygems/custom_require.rb:31:in `gem_original_require'
    c:/ruby/lib/ruby/site_ruby/1.8/rubygems/custom_require.rb:31:in `require'
    script/server:3

Rendered c:/ruby/lib/ruby/gems/1.8/gems/actionpack-2.2.2/lib/action_controller/templates/rescues/_trace (672.0ms)
Rendered c:/ruby/lib/ruby/gems/1.8/gems/actionpack-2.2.2/lib/action_controller/templates/rescues/_request_and_response (0.0ms)
Rendering c:/ruby/lib/ruby/gems/1.8/gems/actionpack-2.2.2/lib/action_controller/templates/rescues/layout.erb (internal_server_error)
  [4;36;1mSQL (0.0ms)[0m   [0;1mSET NAMES 'utf8'[0m
  [4;35;1mSQL (16.0ms)[0m   [0mSET SQL_AUTO_IS_NULL=0[0m
  [4;36;1mSQL (0.0ms)[0m   [0;1mSHOW TABLES[0m
  [4;35;1mSQL (172.0ms)[0m   [0mCREATE TABLE `schema_migrations` (`version` varchar(255) NOT NULL) ENGINE=InnoDB[0m
  [4;36;1mSQL (265.0ms)[0m   [0;1mCREATE UNIQUE INDEX `unique_schema_migrations` ON `schema_migrations` (`version`)[0m
  [4;35;1mSQL (0.0ms)[0m   [0mSHOW TABLES[0m
  [4;36;1mSQL (0.0ms)[0m   [0;1mSELECT version FROM schema_migrations[0m
Migrating to CreateProjetos (20090217130250)
  [4;35;1mSQL (63.0ms)[0m   [0mCREATE TABLE `projetos` (`id` int(11) DEFAULT NULL auto_increment PRIMARY KEY, `Nome` varchar(255), `DtInicio` date, `DtTermino` date, `Orcamento` float, `created_at` datetime, `updated_at` datetime) ENGINE=InnoDB[0m
  [4;36;1mSQL (78.0ms)[0m   [0;1mINSERT INTO schema_migrations (version) VALUES ('20090217130250')[0m
  [4;35;1mSQL (0.0ms)[0m   [0mSHOW TABLES[0m
  [4;36;1mSQL (0.0ms)[0m   [0;1mSELECT version FROM schema_migrations[0m
  [4;35;1mSQL (0.0ms)[0m   [0mSHOW TABLES[0m
  [4;36;1mSQL (16.0ms)[0m   [0;1mSHOW FIELDS FROM `projetos`[0m
  [4;35;1mSQL (0.0ms)[0m   [0mdescribe `projetos`[0m
  [4;36;1mSQL (15.0ms)[0m   [0;1mSHOW KEYS FROM `projetos`[0m


Processing ProjetosController#index (for 127.0.0.1 at 2009-02-17 10:04:54) [GET]
  [4;36;1mSQL (0.0ms)[0m   [0;1mSET NAMES 'utf8'[0m
  [4;35;1mSQL (0.0ms)[0m   [0mSET SQL_AUTO_IS_NULL=0[0m
  [4;36;1mProjeto Load (0.0ms)[0m   [0;1mSELECT * FROM `projetos` [0m
Rendering template within layouts/projetos
Rendering projetos/index
Completed in 141ms (View: 47, DB: 0) | 200 OK [http://localhost/projetos]


Processing ProjetosController#new (for 127.0.0.1 at 2009-02-17 10:04:57) [GET]
  [4;35;1mSQL (0.0ms)[0m   [0mSET NAMES 'utf8'[0m
  [4;36;1mSQL (0.0ms)[0m   [0;1mSET SQL_AUTO_IS_NULL=0[0m
  [4;35;1mProjeto Columns (31.0ms)[0m   [0mSHOW FIELDS FROM `projetos`[0m
Rendering template within layouts/projetos
Rendering projetos/new
Completed in 2859ms (View: 2797, DB: 31) | 200 OK [http://localhost/projetos/new]


Processing ProjetosController#create (for 127.0.0.1 at 2009-02-17 10:05:17) [POST]
  Parameters: {"commit"=>"Create", "projeto"=>{"DtInicio(1i)"=>"2009", "DtInicio(2i)"=>"2", "Nome"=>"Mix São Paulo", "DtInicio(3i)"=>"17", "Orcamento"=>"100", "DtTermino(1i)"=>"2009", "DtTermino(2i)"=>"2", "DtTermino(3i)"=>"19"}, "authenticity_token"=>"28760bf5a2e85999aa6beae60bddb86262de02dc"}
  [4;36;1mSQL (0.0ms)[0m   [0;1mSET NAMES 'utf8'[0m
  [4;35;1mSQL (0.0ms)[0m   [0mSET SQL_AUTO_IS_NULL=0[0m
  [4;36;1mProjeto Columns (0.0ms)[0m   [0;1mSHOW FIELDS FROM `projetos`[0m
  [4;35;1mSQL (0.0ms)[0m   [0mBEGIN[0m
  [4;36;1mProjeto Create (0.0ms)[0m   [0;1mINSERT INTO `projetos` (`updated_at`, `Nome`, `DtTermino`, `Orcamento`, `DtInicio`, `created_at`) VALUES('2009-02-17 13:05:17', 'Mix São Paulo', '2009-02-19', 100.0, '2009-02-17', '2009-02-17 13:05:17')[0m
  [4;35;1mSQL (32.0ms)[0m   [0mCOMMIT[0m
Redirected to #<Projeto:0x4660ec8>
Completed in 125ms (DB: 32) | 302 Found [http://localhost/projetos]


Processing ProjetosController#show (for 127.0.0.1 at 2009-02-17 10:05:17) [GET]
  Parameters: {"id"=>"1"}
  [4;36;1mSQL (0.0ms)[0m   [0;1mSET NAMES 'utf8'[0m
  [4;35;1mSQL (0.0ms)[0m   [0mSET SQL_AUTO_IS_NULL=0[0m
  [4;36;1mProjeto Columns (0.0ms)[0m   [0;1mSHOW FIELDS FROM `projetos`[0m
  [4;35;1mProjeto Load (0.0ms)[0m   [0mSELECT * FROM `projetos` WHERE (`projetos`.`id` = 1) [0m
Rendering template within layouts/projetos
Rendering projetos/show
Completed in 141ms (View: 78, DB: 0) | 200 OK [http://localhost/projetos/1]


Processing ProjetosController#edit (for 127.0.0.1 at 2009-02-17 10:05:21) [GET]
  Parameters: {"id"=>"1"}
  [4;36;1mSQL (0.0ms)[0m   [0;1mSET NAMES 'utf8'[0m
  [4;35;1mSQL (0.0ms)[0m   [0mSET SQL_AUTO_IS_NULL=0[0m
  [4;36;1mProjeto Columns (0.0ms)[0m   [0;1mSHOW FIELDS FROM `projetos`[0m
  [4;35;1mProjeto Load (16.0ms)[0m   [0mSELECT * FROM `projetos` WHERE (`projetos`.`id` = 1) [0m
Rendering template within layouts/projetos
Rendering projetos/edit
Completed in 78ms (View: 31, DB: 16) | 200 OK [http://localhost/projetos/1/edit]


Processing ProjetosController#index (for 127.0.0.1 at 2009-02-17 10:05:24) [GET]
  [4;36;1mSQL (0.0ms)[0m   [0;1mSET NAMES 'utf8'[0m
  [4;35;1mSQL (0.0ms)[0m   [0mSET SQL_AUTO_IS_NULL=0[0m
  [4;36;1mProjeto Load (0.0ms)[0m   [0;1mSELECT * FROM `projetos` [0m
Rendering template within layouts/projetos
Rendering projetos/index
  [4;35;1mProjeto Columns (0.0ms)[0m   [0mSHOW FIELDS FROM `projetos`[0m
Completed in 109ms (View: 47, DB: 0) | 200 OK [http://localhost/projetos]


Processing ProjetosController#destroy (for 127.0.0.1 at 2009-02-17 10:05:27) [DELETE]
  Parameters: {"authenticity_token"=>"28760bf5a2e85999aa6beae60bddb86262de02dc", "id"=>"1"}
  [4;36;1mSQL (0.0ms)[0m   [0;1mSET NAMES 'utf8'[0m
  [4;35;1mSQL (0.0ms)[0m   [0mSET SQL_AUTO_IS_NULL=0[0m
  [4;36;1mProjeto Columns (0.0ms)[0m   [0;1mSHOW FIELDS FROM `projetos`[0m
  [4;35;1mProjeto Load (16.0ms)[0m   [0mSELECT * FROM `projetos` WHERE (`projetos`.`id` = 1) [0m
  [4;36;1mSQL (0.0ms)[0m   [0;1mBEGIN[0m
  [4;35;1mProjeto Destroy (0.0ms)[0m   [0mDELETE FROM `projetos` WHERE `id` = 1[0m
  [4;36;1mSQL (31.0ms)[0m   [0;1mCOMMIT[0m
Redirected to http://localhost:3000/projetos
Completed in 94ms (DB: 47) | 302 Found [http://localhost/projetos/1]


Processing ProjetosController#index (for 127.0.0.1 at 2009-02-17 10:05:27) [GET]
  [4;35;1mSQL (0.0ms)[0m   [0mSET NAMES 'utf8'[0m
  [4;36;1mSQL (0.0ms)[0m   [0;1mSET SQL_AUTO_IS_NULL=0[0m
  [4;35;1mProjeto Load (0.0ms)[0m   [0mSELECT * FROM `projetos` [0m
Rendering template within layouts/projetos
Rendering projetos/index
Completed in 78ms (View: 46, DB: 0) | 200 OK [http://localhost/projetos]


Processing ProjetosController#new (for 127.0.0.1 at 2009-02-17 10:06:17) [GET]
  [4;36;1mSQL (0.0ms)[0m   [0;1mSET NAMES 'utf8'[0m
  [4;35;1mSQL (0.0ms)[0m   [0mSET SQL_AUTO_IS_NULL=0[0m
  [4;36;1mProjeto Columns (0.0ms)[0m   [0;1mSHOW FIELDS FROM `projetos`[0m
Rendering template within layouts/projetos
Rendering projetos/new
Completed in 109ms (View: 78, DB: 0) | 200 OK [http://localhost/projetos/new]
